<?xml version="1.0" encoding="UTF-8"?>
<!-- Generated by org.testng.reporters.JUnitXMLReporter -->
<testsuite ignored="0" hostname="LAPTOP-78KC8FJR" failures="1" tests="15" name="Test" time="349.071" errors="0" timestamp="19 Jan 2022 06:01:09 GMT">
  <testcase classname="TestOperations.testRunner" name="homePageGetTitle" time="35.848"/>
  <testcase classname="TestOperations.testRunner" name="homePageElement" time="12.628"/>
  <testcase classname="TestOperations.testRunner" name="validAgentDetails" time="20.467"/>
  <testcase classname="TestOperations.testRunner" name="validcustomerLoginDetails" time="17.591"/>
  <testcase classname="TestOperations.testRunner" name="validforgotPasswordDetails" time="13.455"/>
  <testcase classname="TestOperations.testRunner" name="validonewayBooking" time="20.192"/>
  <testcase classname="TestOperations.testRunner" name="validroundtripBooking" time="22.548"/>
  <testcase classname="TestOperations.testRunner" name="validlocalTripBooking" time="14.452">
    <failure type="java.lang.AssertionError" message="expected [true] but found [false]">
      <![CDATA[java.lang.AssertionError: expected [true] but found [false]
at uiRepositories.selectCarPageUI.localBooking(selectCarPageUI.java:245)
at TestOperations.testRunner.validlocalTripBooking(testRunner.java:113)
... Removed 29 stack frames]]>
    </failure>
  </testcase> <!-- validlocalTripBooking -->
  <testcase classname="TestOperations.testRunner" name="validFromAirportTripBooking" time="26.069"/>
  <testcase classname="TestOperations.testRunner" name="validToAirportTripBooking" time="32.418"/>
  <testcase classname="TestOperations.testRunner" name="validContactDetails" time="18.447"/>
  <testcase classname="TestOperations.testRunner" name="validbloggerSocialLinkDetails" time="22.157"/>
  <testcase classname="TestOperations.testRunner" name="validAboutDetails" time="19.686"/>
  <testcase classname="TestOperations.testRunner" name="validcabTypeDetails" time="39.698"/>
  <testcase classname="TestOperations.testRunner" name="validcarRentalDetails" time="18.302"/>
</testsuite> <!-- Test -->
