<?xml version="1.0" encoding="UTF-8"?>
<!-- Generated by org.testng.reporters.JUnitReportReporter -->
<testsuite hostname="LAPTOP-78KC8FJR" failures="1" tests="15" name="TestOperations.testRunner" time="270.628" errors="0" timestamp="17 Jan 2022 12:55:50 GMT" skipped="0">
  <testcase classname="TestOperations.testRunner" name="homePageGetTitle" time="11.594"/>
  <testcase classname="TestOperations.testRunner" name="homePageElement" time="9.750"/>
  <testcase classname="TestOperations.testRunner" name="validAgentDetails" time="19.704"/>
  <testcase classname="TestOperations.testRunner" name="validcustomerLoginDetails" time="14.474"/>
  <testcase classname="TestOperations.testRunner" name="validforgotPasswordDetails" time="14.911"/>
  <testcase classname="TestOperations.testRunner" name="validonewayBooking" time="18.548"/>
  <testcase classname="TestOperations.testRunner" name="validroundtripBooking" time="20.083"/>
  <testcase classname="TestOperations.testRunner" name="validlocalTripBooking" time="14.139">
    <failure message="expected [true] but found [false]" type="java.lang.AssertionError">
      <![CDATA[java.lang.AssertionError: expected [true] but found [false]
at org.testng.Assert.fail(Assert.java:96)
at org.testng.Assert.failNotEquals(Assert.java:776)
at org.testng.Assert.assertTrue(Assert.java:44)
at org.testng.Assert.assertTrue(Assert.java:54)
at uiRepositories.selectCarPageUI.localBooking(selectCarPageUI.java:243)
at TestOperations.testRunner.validlocalTripBooking(testRunner.java:110)
at java.base/jdk.internal.reflect.NativeMethodAccessorImpl.invoke0(Native Method)
at java.base/jdk.internal.reflect.NativeMethodAccessorImpl.invoke(NativeMethodAccessorImpl.java:62)
at java.base/jdk.internal.reflect.DelegatingMethodAccessorImpl.invoke(DelegatingMethodAccessorImpl.java:43)
at java.base/java.lang.reflect.Method.invoke(Method.java:566)
at org.testng.internal.MethodInvocationHelper.invokeMethod(MethodInvocationHelper.java:124)
at org.testng.internal.Invoker.invokeMethod(Invoker.java:583)
at org.testng.internal.Invoker.invokeTestMethod(Invoker.java:719)
at org.testng.internal.Invoker.invokeTestMethods(Invoker.java:989)
at org.testng.internal.TestMethodWorker.invokeTestMethods(TestMethodWorker.java:125)
at org.testng.internal.TestMethodWorker.run(TestMethodWorker.java:109)
at org.testng.TestRunner.privateRun(TestRunner.java:648)
at org.testng.TestRunner.run(TestRunner.java:505)
at org.testng.SuiteRunner.runTest(SuiteRunner.java:455)
at org.testng.SuiteRunner.runSequentially(SuiteRunner.java:450)
at org.testng.SuiteRunner.privateRun(SuiteRunner.java:415)
at org.testng.SuiteRunner.run(SuiteRunner.java:364)
at org.testng.SuiteRunnerWorker.runSuite(SuiteRunnerWorker.java:52)
at org.testng.SuiteRunnerWorker.run(SuiteRunnerWorker.java:84)
at org.testng.TestNG.runSuitesSequentially(TestNG.java:1208)
at org.testng.TestNG.runSuitesLocally(TestNG.java:1137)
at org.testng.TestNG.runSuites(TestNG.java:1049)
at org.testng.TestNG.run(TestNG.java:1017)
at org.testng.remote.AbstractRemoteTestNG.run(AbstractRemoteTestNG.java:115)
at org.testng.remote.RemoteTestNG.initAndRun(RemoteTestNG.java:251)
at org.testng.remote.RemoteTestNG.main(RemoteTestNG.java:77)
]]>
    </failure>
  </testcase> <!-- validlocalTripBooking -->
  <testcase classname="TestOperations.testRunner" name="validFromAirportTripBooking" time="25.759"/>
  <testcase classname="TestOperations.testRunner" name="validToAirportTripBooking" time="25.154"/>
  <testcase classname="TestOperations.testRunner" name="validContactDetails" time="17.958"/>
  <testcase classname="TestOperations.testRunner" name="validbloggerSocialLinkDetails" time="29.740"/>
  <testcase classname="TestOperations.testRunner" name="validAboutDetails" time="15.012"/>
  <testcase classname="TestOperations.testRunner" name="validcabTypeDetails" time="17.050"/>
  <testcase classname="TestOperations.testRunner" name="validcarRentalDetails" time="16.752"/>
</testsuite> <!-- TestOperations.testRunner -->
